<?xml version="1.0" encoding="UTF-8"?>
<!-- Generated by org.testng.reporters.JUnitReportReporter -->
<testsuite ignored="0" hostname="DESKTOP-T2J6VGS" failures="0" tests="2" name="annotations.TestNGsessions" time="0.020" errors="0" timestamp="19 May 2021 05:01:00 GMT" skipped="0">
  <testcase classname="annotations.TestNGsessions" name="test1" time="0.009"/>
  <testcase classname="annotations.TestNGsessions" name="test2" time="0.011"/>
</testsuite> <!-- annotations.TestNGsessions -->
